Using pre-set license
Built from '2020.2/release' branch; Version is '2020.2.4f1 (becced5a802b) revision 12504301'; Using compiler version '192528614'; Build Type 'Release'
OS: 'Windows 10 Home; OS build 19043.1645; Version 2009; 64bit' Language: 'es' Physical Memory: 8048 MB
BatchMode: 1, IsHumanControllingUs: 0, StartBugReporterOnCrash: 0, Is64bit: 1, IsPro: 0

 COMMAND LINE ARGUMENTS:
C:\Program Files\Unity\Hub\Editor\2020.2.4f1\Editor\Unity.exe
-adb2
-batchMode
-noUpm
-name
AssetImportWorker0
-projectPath
C:/Users/Xavi/Desktop/SI/P1/Rollaball
-logFile
Logs/AssetImportWorker0.log
-srvPort
64814
Successfully changed project path to: C:/Users/Xavi/Desktop/SI/P1/Rollaball
C:/Users/Xavi/Desktop/SI/P1/Rollaball
Using Asset Import Pipeline V2.
Refreshing native plugins compatible for Editor in 111.04 ms, found 0 plugins.
Preloading 0 native plugins for Editor in 0.00 ms.
Initialize engine version: 2020.2.4f1 (becced5a802b)
[Subsystems] Discovering subsystems at path C:/Program Files/Unity/Hub/Editor/2020.2.4f1/Editor/Data/Resources/UnitySubsystems
[Subsystems] Discovering subsystems at path C:/Users/Xavi/Desktop/SI/P1/Rollaball/Assets
GfxDevice: creating device client; threaded=0
Direct3D:
    Version:  Direct3D 11.0 [level 11.1]
    Renderer: NVIDIA GeForce MX150 (ID=0x1d12)
    Vendor:   
    VRAM:     1983 MB
    Driver:   27.21.14.5191
Initialize mono
Mono path[0] = 'C:/Program Files/Unity/Hub/Editor/2020.2.4f1/Editor/Data/Managed'
Mono path[1] = 'C:/Program Files/Unity/Hub/Editor/2020.2.4f1/Editor/Data/MonoBleedingEdge/lib/mono/unityjit'
Mono config path = 'C:/Program Files/Unity/Hub/Editor/2020.2.4f1/Editor/Data/MonoBleedingEdge/etc'
Using monoOptions --debugger-agent=transport=dt_socket,embedding=1,server=y,suspend=n,address=127.0.0.1:56744
Begin MonoManager ReloadAssembly
Registering precompiled unity dll's ...
Register platform support module: C:/Program Files/Unity/Hub/Editor/2020.2.4f1/Editor/Data/PlaybackEngines/WindowsStandaloneSupport/UnityEditor.WindowsStandalone.Extensions.dll
Registered in 0.005700 seconds.
Native extension for WindowsStandalone target not found
Refreshing native plugins compatible for Editor in 138.27 ms, found 0 plugins.
Preloading 0 native plugins for Editor in 0.00 ms.
Invoked RoslynAnalysisRunner static constructor.
RoslynAnalysisRunner will not be running.
RoslynAnalysisRunner has terminated.
Mono: successfully reloaded assembly
- Completed reload, in  2.729 seconds
Platform modules already initialized, skipping
Registering precompiled user dll's ...
Registered in 0.003675 seconds.
Begin MonoManager ReloadAssembly
Native extension for WindowsStandalone target not found
Refreshing native plugins compatible for Editor in 131.10 ms, found 0 plugins.
Preloading 0 native plugins for Editor in 0.00 ms.
Invoked RoslynAnalysisRunner static constructor.
RoslynAnalysisRunner will not be running.
RoslynAnalysisRunner has terminated.
Mono: successfully reloaded assembly
- Completed reload, in  2.540 seconds
Platform modules already initialized, skipping
========================================================================
Worker process is ready to serve import requests
Shader 'Universal Render Pipeline/Particles/Lit': fallback shader 'Universal Render Pipeline/Particles/SimpleLit' not found
Shader 'Universal Render Pipeline/Particles/Lit': fallback shader 'Universal Render Pipeline/Particles/SimpleLit' not found
Launched and connected shader compiler UnityShaderCompiler.exe after 0.10 seconds
Refreshing native plugins compatible for Editor in 1.20 ms, found 0 plugins.
Preloading 0 native plugins for Editor in 0.00 ms.
Unloading 2704 Unused Serialized files (Serialized files now loaded: 0)
System memory in use before: 122.4 MB.
System memory in use after: 120.2 MB.

Unloading 47 unused Assets to reduce memory usage. Loaded Objects now: 3113.
Total: 6.726900 ms (FindLiveObjects: 0.319600 ms CreateObjectMapping: 0.242300 ms MarkObjects: 3.298100 ms  DeleteObjects: 2.865100 ms)

========================================================================
Received Import Request.
  path: Assets/Input
  artifactKey: Guid(55cebe2cded14044ba884b62ea768891) Importer(815301076,1909f56bfc062723c751e8b465ee728b)
Start importing Assets/Input using Guid(55cebe2cded14044ba884b62ea768891) Importer(815301076,1909f56bfc062723c751e8b465ee728b)  -> (artifact id: 'f35bc714c792fb890f269531f03e92fa') in 0.013747 seconds
  Import took 0.022429 seconds .

========================================================================
Received Import Request.
  Time since last request: 0.073108 seconds.
  path: Assets/Input/InputActions.inputactions
  artifactKey: Guid(4a1d2f3386166c140888a381c515dd07) Importer(815301076,1909f56bfc062723c751e8b465ee728b)
Start importing Assets/Input/InputActions.inputactions using Guid(4a1d2f3386166c140888a381c515dd07) Importer(815301076,1909f56bfc062723c751e8b465ee728b)  -> (artifact id: 'd4fcd358237a54c9202ca00d8555e9b7') in 0.085011 seconds
  Import took 0.098212 seconds .

========================================================================
Received Import Request.
  Time since last request: 45.735544 seconds.
  path: Assets/Scripts
  artifactKey: Guid(9f42fe8acb34ed34a9a96fe7f6faf650) Importer(815301076,1909f56bfc062723c751e8b465ee728b)
Start importing Assets/Scripts using Guid(9f42fe8acb34ed34a9a96fe7f6faf650) Importer(815301076,1909f56bfc062723c751e8b465ee728b)  -> (artifact id: 'ccb4c1dca8e77eb280d21aab5749e02a') in 0.009672 seconds
  Import took 0.017822 seconds .

========================================================================
Received Prepare
Registering precompiled user dll's ...
Registered in 0.001773 seconds.
Begin MonoManager ReloadAssembly
Native extension for WindowsStandalone target not found
Refreshing native plugins compatible for Editor in 1.01 ms, found 0 plugins.
Preloading 0 native plugins for Editor in 0.00 ms.
Invoked RoslynAnalysisRunner static constructor.
RoslynAnalysisRunner will not be running.
RoslynAnalysisRunner has terminated.
Mono: successfully reloaded assembly
- Completed reload, in  1.658 seconds
Platform modules already initialized, skipping
Shader 'Universal Render Pipeline/Particles/Lit': fallback shader 'Universal Render Pipeline/Particles/SimpleLit' not found
Shader 'Universal Render Pipeline/Particles/Lit': fallback shader 'Universal Render Pipeline/Particles/SimpleLit' not found
Refreshing native plugins compatible for Editor in 0.80 ms, found 0 plugins.
Preloading 0 native plugins for Editor in 0.00 ms.
Unloading 2630 Unused Serialized files (Serialized files now loaded: 0)
System memory in use before: 119.5 MB.
System memory in use after: 117.3 MB.

Unloading 40 unused Assets to reduce memory usage. Loaded Objects now: 3116.
Total: 9.032000 ms (FindLiveObjects: 0.591700 ms CreateObjectMapping: 0.764700 ms MarkObjects: 5.336800 ms  DeleteObjects: 2.335400 ms)

========================================================================
Received Prepare
Registering precompiled user dll's ...
Registered in 0.001727 seconds.
Begin MonoManager ReloadAssembly
Native extension for WindowsStandalone target not found
Refreshing native plugins compatible for Editor in 0.89 ms, found 0 plugins.
Preloading 0 native plugins for Editor in 0.00 ms.
Invoked RoslynAnalysisRunner static constructor.
RoslynAnalysisRunner will not be running.
RoslynAnalysisRunner has terminated.
Mono: successfully reloaded assembly
- Completed reload, in  1.696 seconds
Platform modules already initialized, skipping
Shader 'Universal Render Pipeline/Particles/Lit': fallback shader 'Universal Render Pipeline/Particles/SimpleLit' not found
Shader 'Universal Render Pipeline/Particles/Lit': fallback shader 'Universal Render Pipeline/Particles/SimpleLit' not found
Refreshing native plugins compatible for Editor in 1.33 ms, found 0 plugins.
Preloading 0 native plugins for Editor in 0.00 ms.
Unloading 2630 Unused Serialized files (Serialized files now loaded: 0)
System memory in use before: 119.5 MB.
System memory in use after: 117.3 MB.

Unloading 40 unused Assets to reduce memory usage. Loaded Objects now: 3118.
Total: 5.575500 ms (FindLiveObjects: 0.422000 ms CreateObjectMapping: 0.324100 ms MarkObjects: 2.722100 ms  DeleteObjects: 2.104500 ms)

========================================================================
Received Import Request.
  Time since last request: 132.596141 seconds.
  path: Assets/Scripts/PlyerController.cs
  artifactKey: Guid(e2108f020962ce841ba245af6cdce165) Importer(815301076,1909f56bfc062723c751e8b465ee728b)
Start importing Assets/Scripts/PlyerController.cs using Guid(e2108f020962ce841ba245af6cdce165) Importer(815301076,1909f56bfc062723c751e8b465ee728b)  -> (artifact id: 'acf4cfbb895b4111e61c35e44e007f67') in 0.067838 seconds
  Import took 0.077207 seconds .

========================================================================
Received Prepare
Registering precompiled user dll's ...
Registered in 0.001901 seconds.
Begin MonoManager ReloadAssembly
Native extension for WindowsStandalone target not found
Refreshing native plugins compatible for Editor in 0.60 ms, found 0 plugins.
Preloading 0 native plugins for Editor in 0.00 ms.
Invoked RoslynAnalysisRunner static constructor.
RoslynAnalysisRunner will not be running.
RoslynAnalysisRunner has terminated.
Mono: successfully reloaded assembly
- Completed reload, in  1.691 seconds
Platform modules already initialized, skipping
Shader 'Universal Render Pipeline/Particles/Lit': fallback shader 'Universal Render Pipeline/Particles/SimpleLit' not found
Shader 'Universal Render Pipeline/Particles/Lit': fallback shader 'Universal Render Pipeline/Particles/SimpleLit' not found
Refreshing native plugins compatible for Editor in 0.85 ms, found 0 plugins.
Preloading 0 native plugins for Editor in 0.00 ms.
Unloading 2630 Unused Serialized files (Serialized files now loaded: 0)
System memory in use before: 119.5 MB.
System memory in use after: 117.3 MB.

Unloading 40 unused Assets to reduce memory usage. Loaded Objects now: 3120.
Total: 4.883800 ms (FindLiveObjects: 0.338400 ms CreateObjectMapping: 0.349500 ms MarkObjects: 2.478600 ms  DeleteObjects: 1.713300 ms)

========================================================================
Received Import Request.
  Time since last request: 536.418399 seconds.
  path: Assets/Scripts/PlyerController.cs
  artifactKey: Guid(e2108f020962ce841ba245af6cdce165) Importer(815301076,1909f56bfc062723c751e8b465ee728b)
Start importing Assets/Scripts/PlyerController.cs using Guid(e2108f020962ce841ba245af6cdce165) Importer(815301076,1909f56bfc062723c751e8b465ee728b)  -> (artifact id: '886886c954a0e172485b9d4cf3825eea') in 0.007624 seconds
  Import took 0.015719 seconds .

========================================================================
Received Prepare
Registering precompiled user dll's ...
Registered in 0.003023 seconds.
Begin MonoManager ReloadAssembly
Native extension for WindowsStandalone target not found
Refreshing native plugins compatible for Editor in 0.57 ms, found 0 plugins.
Preloading 0 native plugins for Editor in 0.00 ms.
Invoked RoslynAnalysisRunner static constructor.
RoslynAnalysisRunner will not be running.
RoslynAnalysisRunner has terminated.
Mono: successfully reloaded assembly
- Completed reload, in  1.814 seconds
Platform modules already initialized, skipping
Shader 'Universal Render Pipeline/Particles/Lit': fallback shader 'Universal Render Pipeline/Particles/SimpleLit' not found
Shader 'Universal Render Pipeline/Particles/Lit': fallback shader 'Universal Render Pipeline/Particles/SimpleLit' not found
Refreshing native plugins compatible for Editor in 0.52 ms, found 0 plugins.
Preloading 0 native plugins for Editor in 0.00 ms.
Unloading 2630 Unused Serialized files (Serialized files now loaded: 0)
System memory in use before: 119.6 MB.
System memory in use after: 117.4 MB.

Unloading 40 unused Assets to reduce memory usage. Loaded Objects now: 3122.
Total: 10.269000 ms (FindLiveObjects: 0.549200 ms CreateObjectMapping: 0.335200 ms MarkObjects: 6.401800 ms  DeleteObjects: 2.979700 ms)

========================================================================
Received Import Request.
  Time since last request: 227.055299 seconds.
  path: Assets/Scripts/PlyerController.cs
  artifactKey: Guid(e2108f020962ce841ba245af6cdce165) Importer(815301076,1909f56bfc062723c751e8b465ee728b)
Start importing Assets/Scripts/PlyerController.cs using Guid(e2108f020962ce841ba245af6cdce165) Importer(815301076,1909f56bfc062723c751e8b465ee728b)  -> (artifact id: '6180043b9380ef2f6bf695157d4bd502') in 0.014096 seconds
  Import took 0.023492 seconds .

========================================================================
Received Prepare
Registering precompiled user dll's ...
Registered in 0.005887 seconds.
Begin MonoManager ReloadAssembly
Native extension for WindowsStandalone target not found
Refreshing native plugins compatible for Editor in 0.68 ms, found 0 plugins.
Preloading 0 native plugins for Editor in 0.00 ms.
Invoked RoslynAnalysisRunner static constructor.
RoslynAnalysisRunner will not be running.
RoslynAnalysisRunner has terminated.
Mono: successfully reloaded assembly
- Completed reload, in  1.834 seconds
Platform modules already initialized, skipping
Shader 'Universal Render Pipeline/Particles/Lit': fallback shader 'Universal Render Pipeline/Particles/SimpleLit' not found
Shader 'Universal Render Pipeline/Particles/Lit': fallback shader 'Universal Render Pipeline/Particles/SimpleLit' not found
Refreshing native plugins compatible for Editor in 0.54 ms, found 0 plugins.
Preloading 0 native plugins for Editor in 0.00 ms.
Unloading 2630 Unused Serialized files (Serialized files now loaded: 0)
System memory in use before: 119.6 MB.
System memory in use after: 117.4 MB.

Unloading 40 unused Assets to reduce memory usage. Loaded Objects now: 3124.
Total: 13.477900 ms (FindLiveObjects: 0.893300 ms CreateObjectMapping: 0.390200 ms MarkObjects: 8.117300 ms  DeleteObjects: 4.073200 ms)

========================================================================
Received Import Request.
  Time since last request: 134.630628 seconds.
  path: Assets/Scripts/PlayerController.cs
  artifactKey: Guid(e2108f020962ce841ba245af6cdce165) Importer(815301076,1909f56bfc062723c751e8b465ee728b)
Start importing Assets/Scripts/PlayerController.cs using Guid(e2108f020962ce841ba245af6cdce165) Importer(815301076,1909f56bfc062723c751e8b465ee728b)  -> (artifact id: 'ae270e49e8ae5e2c9449fdbd7ae02b3f') in 0.018481 seconds
  Import took 0.031500 seconds .

========================================================================
Received Import Request.
  Time since last request: 0.005798 seconds.
  path: Assets/Scripts/PlayerController.cs
  artifactKey: Guid(e2108f020962ce841ba245af6cdce165) Importer(815301076,1909f56bfc062723c751e8b465ee728b)
Start importing Assets/Scripts/PlayerController.cs using Guid(e2108f020962ce841ba245af6cdce165) Importer(815301076,1909f56bfc062723c751e8b465ee728b)  -> (artifact id: 'ae270e49e8ae5e2c9449fdbd7ae02b3f') in 0.013467 seconds
  Import took 0.026030 seconds .

========================================================================
Received Prepare
Registering precompiled user dll's ...
Registered in 0.002920 seconds.
Begin MonoManager ReloadAssembly
Native extension for WindowsStandalone target not found
Refreshing native plugins compatible for Editor in 0.56 ms, found 0 plugins.
Preloading 0 native plugins for Editor in 0.00 ms.
Invoked RoslynAnalysisRunner static constructor.
RoslynAnalysisRunner will not be running.
RoslynAnalysisRunner has terminated.
Mono: successfully reloaded assembly
- Completed reload, in  1.832 seconds
Platform modules already initialized, skipping
Shader 'Universal Render Pipeline/Particles/Lit': fallback shader 'Universal Render Pipeline/Particles/SimpleLit' not found
Shader 'Universal Render Pipeline/Particles/Lit': fallback shader 'Universal Render Pipeline/Particles/SimpleLit' not found
Refreshing native plugins compatible for Editor in 0.72 ms, found 0 plugins.
Preloading 0 native plugins for Editor in 0.00 ms.
Unloading 2630 Unused Serialized files (Serialized files now loaded: 0)
System memory in use before: 119.6 MB.
System memory in use after: 117.4 MB.

Unloading 40 unused Assets to reduce memory usage. Loaded Objects now: 3126.
Total: 5.441200 ms (FindLiveObjects: 0.613100 ms CreateObjectMapping: 0.246600 ms MarkObjects: 2.595000 ms  DeleteObjects: 1.983000 ms)

========================================================================
Received Prepare
Registering precompiled user dll's ...
Registered in 0.002853 seconds.
Begin MonoManager ReloadAssembly
Native extension for WindowsStandalone target not found
Refreshing native plugins compatible for Editor in 1.03 ms, found 0 plugins.
Preloading 0 native plugins for Editor in 0.00 ms.
Invoked RoslynAnalysisRunner static constructor.
RoslynAnalysisRunner will not be running.
RoslynAnalysisRunner has terminated.
Mono: successfully reloaded assembly
- Completed reload, in  1.975 seconds
Platform modules already initialized, skipping
Shader 'Universal Render Pipeline/Particles/Lit': fallback shader 'Universal Render Pipeline/Particles/SimpleLit' not found
Shader 'Universal Render Pipeline/Particles/Lit': fallback shader 'Universal Render Pipeline/Particles/SimpleLit' not found
Refreshing native plugins compatible for Editor in 0.86 ms, found 0 plugins.
Preloading 0 native plugins for Editor in 0.00 ms.
Unloading 2630 Unused Serialized files (Serialized files now loaded: 0)
System memory in use before: 119.6 MB.
System memory in use after: 117.4 MB.

Unloading 40 unused Assets to reduce memory usage. Loaded Objects now: 3128.
Total: 6.597800 ms (FindLiveObjects: 0.471600 ms CreateObjectMapping: 0.235600 ms MarkObjects: 3.153200 ms  DeleteObjects: 2.734600 ms)

========================================================================
Received Prepare
Registering precompiled user dll's ...
Registered in 0.001949 seconds.
Begin MonoManager ReloadAssembly
Native extension for WindowsStandalone target not found
Refreshing native plugins compatible for Editor in 0.70 ms, found 0 plugins.
Preloading 0 native plugins for Editor in 0.00 ms.
Invoked RoslynAnalysisRunner static constructor.
RoslynAnalysisRunner will not be running.
RoslynAnalysisRunner has terminated.
Mono: successfully reloaded assembly
- Completed reload, in  1.977 seconds
Platform modules already initialized, skipping
Shader 'Universal Render Pipeline/Particles/Lit': fallback shader 'Universal Render Pipeline/Particles/SimpleLit' not found
Shader 'Universal Render Pipeline/Particles/Lit': fallback shader 'Universal Render Pipeline/Particles/SimpleLit' not found
Refreshing native plugins compatible for Editor in 0.64 ms, found 0 plugins.
Preloading 0 native plugins for Editor in 0.00 ms.
Unloading 2629 Unused Serialized files (Serialized files now loaded: 0)
System memory in use before: 119.6 MB.
System memory in use after: 117.4 MB.

Unloading 41 unused Assets to reduce memory usage. Loaded Objects now: 3129.
Total: 10.095800 ms (FindLiveObjects: 0.846400 ms CreateObjectMapping: 0.458300 ms MarkObjects: 5.758700 ms  DeleteObjects: 3.029000 ms)

========================================================================
Received Import Request.
  Time since last request: 543.005574 seconds.
  path: Assets/Input/InputActions.inputactions
  artifactKey: Guid(4a1d2f3386166c140888a381c515dd07) Importer(815301076,1909f56bfc062723c751e8b465ee728b)
Start importing Assets/Input/InputActions.inputactions using Guid(4a1d2f3386166c140888a381c515dd07) Importer(815301076,1909f56bfc062723c751e8b465ee728b)  -> (artifact id: 'b674b3d7155e520b2d3c4b1b0674e46d') in 0.076067 seconds
  Import took 0.084501 seconds .

========================================================================
Received Prepare
Registering precompiled user dll's ...
Registered in 0.001800 seconds.
Begin MonoManager ReloadAssembly
Native extension for WindowsStandalone target not found
Refreshing native plugins compatible for Editor in 0.51 ms, found 0 plugins.
Preloading 0 native plugins for Editor in 0.00 ms.
Invoked RoslynAnalysisRunner static constructor.
RoslynAnalysisRunner will not be running.
RoslynAnalysisRunner has terminated.
Mono: successfully reloaded assembly
- Completed reload, in  1.212 seconds
Platform modules already initialized, skipping
Shader 'Universal Render Pipeline/Particles/Lit': fallback shader 'Universal Render Pipeline/Particles/SimpleLit' not found
Shader 'Universal Render Pipeline/Particles/Lit': fallback shader 'Universal Render Pipeline/Particles/SimpleLit' not found
Refreshing native plugins compatible for Editor in 0.64 ms, found 0 plugins.
Preloading 0 native plugins for Editor in 0.00 ms.
Unloading 2630 Unused Serialized files (Serialized files now loaded: 0)
System memory in use before: 119.6 MB.
System memory in use after: 117.4 MB.

Unloading 40 unused Assets to reduce memory usage. Loaded Objects now: 3132.
Total: 5.371900 ms (FindLiveObjects: 0.408400 ms CreateObjectMapping: 0.240500 ms MarkObjects: 2.434400 ms  DeleteObjects: 2.286100 ms)

========================================================================
Received Import Request.
  Time since last request: 67.413979 seconds.
  path: Assets/Scripts/PlayerController.cs
  artifactKey: Guid(05fac114edc14154a9c7790e39b0eb3d) Importer(815301076,1909f56bfc062723c751e8b465ee728b)
Start importing Assets/Scripts/PlayerController.cs using Guid(05fac114edc14154a9c7790e39b0eb3d) Importer(815301076,1909f56bfc062723c751e8b465ee728b)  -> (artifact id: '5ca4ffc00c874c7f0de1de3eac68ae7f') in 0.012254 seconds
  Import took 0.022642 seconds .

========================================================================
Received Prepare
Registering precompiled user dll's ...
Registered in 0.002072 seconds.
Begin MonoManager ReloadAssembly
Native extension for WindowsStandalone target not found
Refreshing native plugins compatible for Editor in 0.59 ms, found 0 plugins.
Preloading 0 native plugins for Editor in 0.00 ms.
Invoked RoslynAnalysisRunner static constructor.
RoslynAnalysisRunner will not be running.
RoslynAnalysisRunner has terminated.
Mono: successfully reloaded assembly
- Completed reload, in  1.696 seconds
Platform modules already initialized, skipping
Shader 'Universal Render Pipeline/Particles/Lit': fallback shader 'Universal Render Pipeline/Particles/SimpleLit' not found
Shader 'Universal Render Pipeline/Particles/Lit': fallback shader 'Universal Render Pipeline/Particles/SimpleLit' not found
Refreshing native plugins compatible for Editor in 0.52 ms, found 0 plugins.
Preloading 0 native plugins for Editor in 0.00 ms.
Unloading 2630 Unused Serialized files (Serialized files now loaded: 0)
System memory in use before: 119.6 MB.
System memory in use after: 117.4 MB.

Unloading 40 unused Assets to reduce memory usage. Loaded Objects now: 3134.
Total: 5.535700 ms (FindLiveObjects: 0.442500 ms CreateObjectMapping: 0.240600 ms MarkObjects: 2.744800 ms  DeleteObjects: 2.106000 ms)

========================================================================
Received Import Request.
  Time since last request: 35.615296 seconds.
  path: Assets/Scripts/PlayerController.cs
  artifactKey: Guid(05fac114edc14154a9c7790e39b0eb3d) Importer(815301076,1909f56bfc062723c751e8b465ee728b)
Start importing Assets/Scripts/PlayerController.cs using Guid(05fac114edc14154a9c7790e39b0eb3d) Importer(815301076,1909f56bfc062723c751e8b465ee728b)  -> (artifact id: '1308ef2f51cdf42247be40282020a741') in 0.006778 seconds
  Import took 0.013699 seconds .

========================================================================
Received Prepare
Registering precompiled user dll's ...
Registered in 0.001843 seconds.
Begin MonoManager ReloadAssembly
Native extension for WindowsStandalone target not found
Refreshing native plugins compatible for Editor in 0.88 ms, found 0 plugins.
Preloading 0 native plugins for Editor in 0.00 ms.
Invoked RoslynAnalysisRunner static constructor.
RoslynAnalysisRunner will not be running.
RoslynAnalysisRunner has terminated.
Mono: successfully reloaded assembly
- Completed reload, in  2.008 seconds
Platform modules already initialized, skipping
Shader 'Universal Render Pipeline/Particles/Lit': fallback shader 'Universal Render Pipeline/Particles/SimpleLit' not found
Shader 'Universal Render Pipeline/Particles/Lit': fallback shader 'Universal Render Pipeline/Particles/SimpleLit' not found
Refreshing native plugins compatible for Editor in 0.82 ms, found 0 plugins.
Preloading 0 native plugins for Editor in 0.00 ms.
Unloading 2630 Unused Serialized files (Serialized files now loaded: 0)
System memory in use before: 119.6 MB.
System memory in use after: 117.4 MB.

Unloading 40 unused Assets to reduce memory usage. Loaded Objects now: 3136.
Total: 7.919400 ms (FindLiveObjects: 0.884800 ms CreateObjectMapping: 0.383800 ms MarkObjects: 3.582600 ms  DeleteObjects: 3.064700 ms)

========================================================================
Received Prepare
Registering precompiled user dll's ...
Registered in 0.001956 seconds.
Begin MonoManager ReloadAssembly
Native extension for WindowsStandalone target not found
Refreshing native plugins compatible for Editor in 0.80 ms, found 0 plugins.
Preloading 0 native plugins for Editor in 0.00 ms.
Invoked RoslynAnalysisRunner static constructor.
RoslynAnalysisRunner will not be running.
RoslynAnalysisRunner has terminated.
Mono: successfully reloaded assembly
- Completed reload, in  1.575 seconds
Platform modules already initialized, skipping
Shader 'Universal Render Pipeline/Particles/Lit': fallback shader 'Universal Render Pipeline/Particles/SimpleLit' not found
Shader 'Universal Render Pipeline/Particles/Lit': fallback shader 'Universal Render Pipeline/Particles/SimpleLit' not found
Refreshing native plugins compatible for Editor in 0.84 ms, found 0 plugins.
Preloading 0 native plugins for Editor in 0.00 ms.
Unloading 2631 Unused Serialized files (Serialized files now loaded: 0)
System memory in use before: 119.6 MB.
System memory in use after: 117.4 MB.

Unloading 40 unused Assets to reduce memory usage. Loaded Objects now: 3139.
Total: 7.721700 ms (FindLiveObjects: 0.517700 ms CreateObjectMapping: 0.354600 ms MarkObjects: 3.373000 ms  DeleteObjects: 3.474100 ms)

========================================================================
Received Prepare
Registering precompiled user dll's ...
Registered in 0.001950 seconds.
Begin MonoManager ReloadAssembly
Native extension for WindowsStandalone target not found
Refreshing native plugins compatible for Editor in 0.81 ms, found 0 plugins.
Preloading 0 native plugins for Editor in 0.00 ms.
Invoked RoslynAnalysisRunner static constructor.
RoslynAnalysisRunner will not be running.
RoslynAnalysisRunner has terminated.
Mono: successfully reloaded assembly
- Completed reload, in  1.616 seconds
Platform modules already initialized, skipping
Shader 'Universal Render Pipeline/Particles/Lit': fallback shader 'Universal Render Pipeline/Particles/SimpleLit' not found
Shader 'Universal Render Pipeline/Particles/Lit': fallback shader 'Universal Render Pipeline/Particles/SimpleLit' not found
Refreshing native plugins compatible for Editor in 0.51 ms, found 0 plugins.
Preloading 0 native plugins for Editor in 0.00 ms.
Unloading 2631 Unused Serialized files (Serialized files now loaded: 0)
System memory in use before: 119.7 MB.
System memory in use after: 117.5 MB.

Unloading 40 unused Assets to reduce memory usage. Loaded Objects now: 3141.
Total: 5.043200 ms (FindLiveObjects: 0.330900 ms CreateObjectMapping: 0.197500 ms MarkObjects: 2.657900 ms  DeleteObjects: 1.855000 ms)

========================================================================
Received Prepare
Registering precompiled user dll's ...
Registered in 0.002656 seconds.
Begin MonoManager ReloadAssembly
Native extension for WindowsStandalone target not found
Refreshing native plugins compatible for Editor in 0.87 ms, found 0 plugins.
Preloading 0 native plugins for Editor in 0.00 ms.
Invoked RoslynAnalysisRunner static constructor.
RoslynAnalysisRunner will not be running.
RoslynAnalysisRunner has terminated.
Mono: successfully reloaded assembly
- Completed reload, in  1.690 seconds
Platform modules already initialized, skipping
Shader 'Universal Render Pipeline/Particles/Lit': fallback shader 'Universal Render Pipeline/Particles/SimpleLit' not found
Shader 'Universal Render Pipeline/Particles/Lit': fallback shader 'Universal Render Pipeline/Particles/SimpleLit' not found
Refreshing native plugins compatible for Editor in 0.54 ms, found 0 plugins.
Preloading 0 native plugins for Editor in 0.00 ms.
Unloading 2631 Unused Serialized files (Serialized files now loaded: 0)
System memory in use before: 119.6 MB.
System memory in use after: 117.5 MB.

Unloading 40 unused Assets to reduce memory usage. Loaded Objects now: 3143.
Total: 8.595500 ms (FindLiveObjects: 0.575500 ms CreateObjectMapping: 0.324200 ms MarkObjects: 4.340400 ms  DeleteObjects: 3.353200 ms)

========================================================================
Received Import Request.
  Time since last request: 388.618217 seconds.
  path: Assets/Scripts/CameraController.cs
  artifactKey: Guid(edcd08af24cea5943aa122395c77c9a1) Importer(815301076,1909f56bfc062723c751e8b465ee728b)
Start importing Assets/Scripts/CameraController.cs using Guid(edcd08af24cea5943aa122395c77c9a1) Importer(815301076,1909f56bfc062723c751e8b465ee728b)  -> (artifact id: '6b810cd7a74d30d676c98cedba2c3a03') in 0.018747 seconds
  Import took 0.028307 seconds .

========================================================================
Received Prepare
Registering precompiled user dll's ...
Registered in 0.002024 seconds.
Begin MonoManager ReloadAssembly
Native extension for WindowsStandalone target not found
Refreshing native plugins compatible for Editor in 0.68 ms, found 0 plugins.
Preloading 0 native plugins for Editor in 0.00 ms.
Invoked RoslynAnalysisRunner static constructor.
RoslynAnalysisRunner will not be running.
RoslynAnalysisRunner has terminated.
Mono: successfully reloaded assembly
- Completed reload, in  1.754 seconds
Platform modules already initialized, skipping
Shader 'Universal Render Pipeline/Particles/Lit': fallback shader 'Universal Render Pipeline/Particles/SimpleLit' not found
Shader 'Universal Render Pipeline/Particles/Lit': fallback shader 'Universal Render Pipeline/Particles/SimpleLit' not found
Refreshing native plugins compatible for Editor in 0.55 ms, found 0 plugins.
Preloading 0 native plugins for Editor in 0.00 ms.
Unloading 2631 Unused Serialized files (Serialized files now loaded: 0)
System memory in use before: 119.7 MB.
System memory in use after: 117.5 MB.

Unloading 40 unused Assets to reduce memory usage. Loaded Objects now: 3145.
Total: 5.920800 ms (FindLiveObjects: 0.509600 ms CreateObjectMapping: 0.277300 ms MarkObjects: 3.026200 ms  DeleteObjects: 2.105000 ms)

========================================================================
Received Import Request.
  Time since last request: 84.601559 seconds.
  path: Assets/Scripts/CameraController.cs
  artifactKey: Guid(edcd08af24cea5943aa122395c77c9a1) Importer(815301076,1909f56bfc062723c751e8b465ee728b)
Start importing Assets/Scripts/CameraController.cs using Guid(edcd08af24cea5943aa122395c77c9a1) Importer(815301076,1909f56bfc062723c751e8b465ee728b)  -> (artifact id: '9f5d1513012f0c81c3079a3149ebf04a') in 0.015128 seconds
  Import took 0.024448 seconds .

========================================================================
Received Prepare
Registering precompiled user dll's ...
Registered in 0.001849 seconds.
Begin MonoManager ReloadAssembly
Native extension for WindowsStandalone target not found
Refreshing native plugins compatible for Editor in 0.75 ms, found 0 plugins.
Preloading 0 native plugins for Editor in 0.00 ms.
Invoked RoslynAnalysisRunner static constructor.
RoslynAnalysisRunner will not be running.
RoslynAnalysisRunner has terminated.
Mono: successfully reloaded assembly
- Completed reload, in  2.019 seconds
Platform modules already initialized, skipping
Shader 'Universal Render Pipeline/Particles/Lit': fallback shader 'Universal Render Pipeline/Particles/SimpleLit' not found
Shader 'Universal Render Pipeline/Particles/Lit': fallback shader 'Universal Render Pipeline/Particles/SimpleLit' not found
Refreshing native plugins compatible for Editor in 0.51 ms, found 0 plugins.
Preloading 0 native plugins for Editor in 0.00 ms.
Unloading 2631 Unused Serialized files (Serialized files now loaded: 0)
System memory in use before: 119.7 MB.
System memory in use after: 117.5 MB.

Unloading 40 unused Assets to reduce memory usage. Loaded Objects now: 3147.
Total: 7.545800 ms (FindLiveObjects: 0.738800 ms CreateObjectMapping: 0.190400 ms MarkObjects: 3.437100 ms  DeleteObjects: 3.175300 ms)

========================================================================
Received Import Request.
  Time since last request: 366.784574 seconds.
  path: Assets/Materials/Player.mat
  artifactKey: Guid(9061cfb10f93a8b4b99cea58624cc776) Importer(815301076,1909f56bfc062723c751e8b465ee728b)
Start importing Assets/Materials/Player.mat using Guid(9061cfb10f93a8b4b99cea58624cc776) Importer(815301076,1909f56bfc062723c751e8b465ee728b)  -> (artifact id: '5e0edb71863481daba01976104d08832') in 0.456548 seconds
  Import took 0.464436 seconds .

========================================================================
Received Import Request.
  Time since last request: 24.976587 seconds.
  path: Assets/Materials/Walls.mat
  artifactKey: Guid(8ad3337a87d4dee4d843b18865e7686d) Importer(815301076,1909f56bfc062723c751e8b465ee728b)
Start importing Assets/Materials/Walls.mat using Guid(8ad3337a87d4dee4d843b18865e7686d) Importer(815301076,1909f56bfc062723c751e8b465ee728b)  -> (artifact id: '7a32edf8ca4247d9b47904921f286a79') in 0.034565 seconds
  Import took 0.041471 seconds .

========================================================================
Received Import Request.
  Time since last request: 259.219639 seconds.
  path: Assets/Materials/Walls.mat
  artifactKey: Guid(8ad3337a87d4dee4d843b18865e7686d) Importer(815301076,1909f56bfc062723c751e8b465ee728b)
Start importing Assets/Materials/Walls.mat using Guid(8ad3337a87d4dee4d843b18865e7686d) Importer(815301076,1909f56bfc062723c751e8b465ee728b)  -> (artifact id: 'd83eeaca5f84cbe763228503a0ef8019') in 0.028968 seconds
  Import took 0.037702 seconds .

========================================================================
Received Prepare
Registering precompiled user dll's ...
Registered in 0.003126 seconds.
Begin MonoManager ReloadAssembly
Native extension for WindowsStandalone target not found
Refreshing native plugins compatible for Editor in 0.90 ms, found 0 plugins.
Preloading 0 native plugins for Editor in 0.00 ms.
Invoked RoslynAnalysisRunner static constructor.
RoslynAnalysisRunner will not be running.
RoslynAnalysisRunner has terminated.
Mono: successfully reloaded assembly
- Completed reload, in  1.997 seconds
Platform modules already initialized, skipping
Shader 'Universal Render Pipeline/Particles/Lit': fallback shader 'Universal Render Pipeline/Particles/SimpleLit' not found
Shader 'Universal Render Pipeline/Particles/Lit': fallback shader 'Universal Render Pipeline/Particles/SimpleLit' not found
Refreshing native plugins compatible for Editor in 0.79 ms, found 0 plugins.
Preloading 0 native plugins for Editor in 0.00 ms.
Unloading 2631 Unused Serialized files (Serialized files now loaded: 0)
System memory in use before: 125.1 MB.
System memory in use after: 122.9 MB.

Unloading 40 unused Assets to reduce memory usage. Loaded Objects now: 3227.
Total: 9.015100 ms (FindLiveObjects: 1.057100 ms CreateObjectMapping: 0.367300 ms MarkObjects: 4.842800 ms  DeleteObjects: 2.744800 ms)

========================================================================
Received Prepare
Registering precompiled user dll's ...
Registered in 0.001981 seconds.
Begin MonoManager ReloadAssembly
Native extension for WindowsStandalone target not found
Refreshing native plugins compatible for Editor in 0.85 ms, found 0 plugins.
Preloading 0 native plugins for Editor in 0.00 ms.
Invoked RoslynAnalysisRunner static constructor.
RoslynAnalysisRunner will not be running.
RoslynAnalysisRunner has terminated.
Mono: successfully reloaded assembly
- Completed reload, in  1.878 seconds
Platform modules already initialized, skipping
Shader 'Universal Render Pipeline/Particles/Lit': fallback shader 'Universal Render Pipeline/Particles/SimpleLit' not found
Shader 'Universal Render Pipeline/Particles/Lit': fallback shader 'Universal Render Pipeline/Particles/SimpleLit' not found
Refreshing native plugins compatible for Editor in 0.75 ms, found 0 plugins.
Preloading 0 native plugins for Editor in 0.00 ms.
Unloading 2632 Unused Serialized files (Serialized files now loaded: 0)
System memory in use before: 125.1 MB.
System memory in use after: 122.9 MB.

Unloading 40 unused Assets to reduce memory usage. Loaded Objects now: 3230.
Total: 6.026000 ms (FindLiveObjects: 0.570200 ms CreateObjectMapping: 0.259900 ms MarkObjects: 3.499500 ms  DeleteObjects: 1.693700 ms)

========================================================================
Received Prepare
Registering precompiled user dll's ...
Registered in 0.002390 seconds.
Begin MonoManager ReloadAssembly
Native extension for WindowsStandalone target not found
Refreshing native plugins compatible for Editor in 0.87 ms, found 0 plugins.
Preloading 0 native plugins for Editor in 0.00 ms.
Invoked RoslynAnalysisRunner static constructor.
RoslynAnalysisRunner will not be running.
RoslynAnalysisRunner has terminated.
Mono: successfully reloaded assembly
- Completed reload, in  1.737 seconds
Platform modules already initialized, skipping
Shader 'Universal Render Pipeline/Particles/Lit': fallback shader 'Universal Render Pipeline/Particles/SimpleLit' not found
Shader 'Universal Render Pipeline/Particles/Lit': fallback shader 'Universal Render Pipeline/Particles/SimpleLit' not found
Refreshing native plugins compatible for Editor in 0.75 ms, found 0 plugins.
Preloading 0 native plugins for Editor in 0.00 ms.
Unloading 2632 Unused Serialized files (Serialized files now loaded: 0)
System memory in use before: 125.2 MB.
System memory in use after: 122.9 MB.

Unloading 40 unused Assets to reduce memory usage. Loaded Objects now: 3232.
Total: 9.617100 ms (FindLiveObjects: 0.869200 ms CreateObjectMapping: 0.441400 ms MarkObjects: 5.162300 ms  DeleteObjects: 3.140400 ms)

========================================================================
Received Import Request.
  Time since last request: 489.905947 seconds.
  path: Assets/Scripts/Rotator.cs
  artifactKey: Guid(b71182f332feaae4ca7b89e377b4d3b6) Importer(815301076,1909f56bfc062723c751e8b465ee728b)
Start importing Assets/Scripts/Rotator.cs using Guid(b71182f332feaae4ca7b89e377b4d3b6) Importer(815301076,1909f56bfc062723c751e8b465ee728b)  -> (artifact id: 'ffcf1698eabcbc553148296f7a2370cd') in 0.016266 seconds
  Import took 0.024881 seconds .

========================================================================
Received Prepare
Registering precompiled user dll's ...
Registered in 0.002470 seconds.
Begin MonoManager ReloadAssembly
Native extension for WindowsStandalone target not found
Refreshing native plugins compatible for Editor in 0.84 ms, found 0 plugins.
Preloading 0 native plugins for Editor in 0.00 ms.
Invoked RoslynAnalysisRunner static constructor.
RoslynAnalysisRunner will not be running.
RoslynAnalysisRunner has terminated.
Mono: successfully reloaded assembly
- Completed reload, in  1.775 seconds
Platform modules already initialized, skipping
Shader 'Universal Render Pipeline/Particles/Lit': fallback shader 'Universal Render Pipeline/Particles/SimpleLit' not found
Shader 'Universal Render Pipeline/Particles/Lit': fallback shader 'Universal Render Pipeline/Particles/SimpleLit' not found
Refreshing native plugins compatible for Editor in 0.60 ms, found 0 plugins.
Preloading 0 native plugins for Editor in 0.00 ms.
Unloading 2632 Unused Serialized files (Serialized files now loaded: 0)
System memory in use before: 125.1 MB.
System memory in use after: 123.0 MB.

Unloading 40 unused Assets to reduce memory usage. Loaded Objects now: 3234.
Total: 5.520700 ms (FindLiveObjects: 0.390100 ms CreateObjectMapping: 0.240300 ms MarkObjects: 2.824200 ms  DeleteObjects: 2.064300 ms)

========================================================================
Received Import Request.
  Time since last request: 111.609294 seconds.
  path: Assets/Scripts/Rotator.cs
  artifactKey: Guid(b71182f332feaae4ca7b89e377b4d3b6) Importer(815301076,1909f56bfc062723c751e8b465ee728b)
Start importing Assets/Scripts/Rotator.cs using Guid(b71182f332feaae4ca7b89e377b4d3b6) Importer(815301076,1909f56bfc062723c751e8b465ee728b)  -> (artifact id: '9dae42380e67e5ba14b4be8c88024eb1') in 0.008469 seconds
  Import took 0.014576 seconds .

========================================================================
Received Prepare
Registering precompiled user dll's ...
Registered in 0.002363 seconds.
Begin MonoManager ReloadAssembly
Native extension for WindowsStandalone target not found
Refreshing native plugins compatible for Editor in 0.87 ms, found 0 plugins.
Preloading 0 native plugins for Editor in 0.00 ms.
Invoked RoslynAnalysisRunner static constructor.
RoslynAnalysisRunner will not be running.
RoslynAnalysisRunner has terminated.
Mono: successfully reloaded assembly
- Completed reload, in  2.079 seconds
Platform modules already initialized, skipping
Shader 'Universal Render Pipeline/Particles/Lit': fallback shader 'Universal Render Pipeline/Particles/SimpleLit' not found
Shader 'Universal Render Pipeline/Particles/Lit': fallback shader 'Universal Render Pipeline/Particles/SimpleLit' not found
Refreshing native plugins compatible for Editor in 0.88 ms, found 0 plugins.
Preloading 0 native plugins for Editor in 0.00 ms.
Unloading 2632 Unused Serialized files (Serialized files now loaded: 0)
System memory in use before: 125.2 MB.
System memory in use after: 123.0 MB.

Unloading 40 unused Assets to reduce memory usage. Loaded Objects now: 3236.
Total: 7.574800 ms (FindLiveObjects: 0.588300 ms CreateObjectMapping: 0.397200 ms MarkObjects: 4.092600 ms  DeleteObjects: 2.493900 ms)

========================================================================
Received Import Request.
  Time since last request: 180.785554 seconds.
  path: Assets/Prefabs
  artifactKey: Guid(a093eaf7d9a5c5141be96ee5eb7d2cbc) Importer(815301076,1909f56bfc062723c751e8b465ee728b)
Start importing Assets/Prefabs using Guid(a093eaf7d9a5c5141be96ee5eb7d2cbc) Importer(815301076,1909f56bfc062723c751e8b465ee728b)  -> (artifact id: '02d26e8f7ebb1c71370b759ddf7afe10') in 0.017447 seconds
  Import took 0.031664 seconds .

========================================================================
Received Import Request.
  Time since last request: 5.242267 seconds.
  path: Assets/Prefabs/PickUp.prefab
  artifactKey: Guid(6fc0b06db40303c4d9733adfef241162) Importer(815301076,1909f56bfc062723c751e8b465ee728b)
Start importing Assets/Prefabs/PickUp.prefab using Guid(6fc0b06db40303c4d9733adfef241162) Importer(815301076,1909f56bfc062723c751e8b465ee728b)  -> (artifact id: '0cb166c8bbe4f613e4e6ca6f1038de14') in 0.343351 seconds
  Import took 0.352178 seconds .

========================================================================
Received Import Request.
  Time since last request: 597.690414 seconds.
  path: ProjectSettings/TagManager.asset
  artifactKey: Guid(00000000000000003000000000000000) Importer(815301076,1909f56bfc062723c751e8b465ee728b)
Start importing ProjectSettings/TagManager.asset using Guid(00000000000000003000000000000000) Importer(815301076,1909f56bfc062723c751e8b465ee728b)  -> (artifact id: '470e31d8d99a9e69b1c7af0e5dce13f0') in 0.019253 seconds
  Import took 0.027426 seconds .

========================================================================
Received Import Request.
  Time since last request: 47.820596 seconds.
  path: Assets/Prefabs/PickUp.prefab
  artifactKey: Guid(6fc0b06db40303c4d9733adfef241162) Importer(815301076,1909f56bfc062723c751e8b465ee728b)
Start importing Assets/Prefabs/PickUp.prefab using Guid(6fc0b06db40303c4d9733adfef241162) Importer(815301076,1909f56bfc062723c751e8b465ee728b)  -> (artifact id: 'd110800c0ce1f6909dcbe62e8c04ffa0') in 0.027213 seconds
  Import took 0.034937 seconds .

========================================================================
Received Prepare
Registering precompiled user dll's ...
Registered in 0.001707 seconds.
Begin MonoManager ReloadAssembly
Native extension for WindowsStandalone target not found
Refreshing native plugins compatible for Editor in 1.04 ms, found 0 plugins.
Preloading 0 native plugins for Editor in 0.00 ms.
Invoked RoslynAnalysisRunner static constructor.
RoslynAnalysisRunner will not be running.
RoslynAnalysisRunner has terminated.
Mono: successfully reloaded assembly
- Completed reload, in  1.774 seconds
Platform modules already initialized, skipping
Shader 'Universal Render Pipeline/Particles/Lit': fallback shader 'Universal Render Pipeline/Particles/SimpleLit' not found
Shader 'Universal Render Pipeline/Particles/Lit': fallback shader 'Universal Render Pipeline/Particles/SimpleLit' not found
Refreshing native plugins compatible for Editor in 0.75 ms, found 0 plugins.
Preloading 0 native plugins for Editor in 0.00 ms.
Unloading 2632 Unused Serialized files (Serialized files now loaded: 0)
System memory in use before: 125.3 MB.
System memory in use after: 123.1 MB.

Unloading 41 unused Assets to reduce memory usage. Loaded Objects now: 3275.
Total: 6.445700 ms (FindLiveObjects: 0.622300 ms CreateObjectMapping: 0.284700 ms MarkObjects: 3.149000 ms  DeleteObjects: 2.387600 ms)

========================================================================
Received Prepare
Registering precompiled user dll's ...
Registered in 0.003363 seconds.
Begin MonoManager ReloadAssembly
Native extension for WindowsStandalone target not found
Refreshing native plugins compatible for Editor in 0.91 ms, found 0 plugins.
Preloading 0 native plugins for Editor in 0.00 ms.
Invoked RoslynAnalysisRunner static constructor.
RoslynAnalysisRunner will not be running.
RoslynAnalysisRunner has terminated.
Mono: successfully reloaded assembly
- Completed reload, in  1.925 seconds
Platform modules already initialized, skipping
Shader 'Universal Render Pipeline/Particles/Lit': fallback shader 'Universal Render Pipeline/Particles/SimpleLit' not found
Shader 'Universal Render Pipeline/Particles/Lit': fallback shader 'Universal Render Pipeline/Particles/SimpleLit' not found
Refreshing native plugins compatible for Editor in 0.74 ms, found 0 plugins.
Preloading 0 native plugins for Editor in 0.00 ms.
Unloading 2632 Unused Serialized files (Serialized files now loaded: 0)
System memory in use before: 125.3 MB.
System memory in use after: 123.1 MB.

Unloading 40 unused Assets to reduce memory usage. Loaded Objects now: 3277.
Total: 8.729800 ms (FindLiveObjects: 1.076100 ms CreateObjectMapping: 1.025500 ms MarkObjects: 3.914900 ms  DeleteObjects: 2.709800 ms)

========================================================================
Received Import Request.
  Time since last request: 361.332558 seconds.
  path: Assets/Prefabs/PickUp.prefab
  artifactKey: Guid(6fc0b06db40303c4d9733adfef241162) Importer(815301076,1909f56bfc062723c751e8b465ee728b)
Start importing Assets/Prefabs/PickUp.prefab using Guid(6fc0b06db40303c4d9733adfef241162) Importer(815301076,1909f56bfc062723c751e8b465ee728b)  -> (artifact id: '841e7d59298500156bcc1d97545ac81c') in 0.428857 seconds
  Import took 0.475870 seconds .

========================================================================
Received Prepare
Registering precompiled user dll's ...
Registered in 0.001718 seconds.
Begin MonoManager ReloadAssembly
Native extension for WindowsStandalone target not found
Refreshing native plugins compatible for Editor in 0.53 ms, found 0 plugins.
Preloading 0 native plugins for Editor in 0.00 ms.
Invoked RoslynAnalysisRunner static constructor.
RoslynAnalysisRunner will not be running.
RoslynAnalysisRunner has terminated.
Mono: successfully reloaded assembly
- Completed reload, in  1.169 seconds
Platform modules already initialized, skipping
Shader 'Universal Render Pipeline/Particles/Lit': fallback shader 'Universal Render Pipeline/Particles/SimpleLit' not found
Shader 'Universal Render Pipeline/Particles/Lit': fallback shader 'Universal Render Pipeline/Particles/SimpleLit' not found
Refreshing native plugins compatible for Editor in 0.82 ms, found 0 plugins.
Preloading 0 native plugins for Editor in 0.00 ms.
Unloading 2632 Unused Serialized files (Serialized files now loaded: 0)
System memory in use before: 125.5 MB.
System memory in use after: 123.3 MB.

Unloading 40 unused Assets to reduce memory usage. Loaded Objects now: 3315.
Total: 5.322200 ms (FindLiveObjects: 0.476400 ms CreateObjectMapping: 0.312800 ms MarkObjects: 2.821100 ms  DeleteObjects: 1.709900 ms)

========================================================================
Received Import Request.
  Time since last request: 132.666435 seconds.
  path: Assets/Prefabs/PickUp.prefab
  artifactKey: Guid(6fc0b06db40303c4d9733adfef241162) Importer(815301076,1909f56bfc062723c751e8b465ee728b)
Start importing Assets/Prefabs/PickUp.prefab using Guid(6fc0b06db40303c4d9733adfef241162) Importer(815301076,1909f56bfc062723c751e8b465ee728b)  -> (artifact id: '8674007140613da2ae8c4efcdcd7e1cf') in 0.215087 seconds
  Import took 0.222631 seconds .

========================================================================
Received Import Request.
  Time since last request: 42.430129 seconds.
  path: Assets/Prefabs/PickUp.prefab
  artifactKey: Guid(6fc0b06db40303c4d9733adfef241162) Importer(815301076,1909f56bfc062723c751e8b465ee728b)
Start importing Assets/Prefabs/PickUp.prefab using Guid(6fc0b06db40303c4d9733adfef241162) Importer(815301076,1909f56bfc062723c751e8b465ee728b)  -> (artifact id: '1434761a6610f8d16dd68eafc436a685') in 0.019156 seconds
  Import took 0.026687 seconds .

========================================================================
Received Import Request.
  Time since last request: 6.986110 seconds.
  path: Assets/Prefabs/PickUp.prefab
  artifactKey: Guid(6fc0b06db40303c4d9733adfef241162) Importer(815301076,1909f56bfc062723c751e8b465ee728b)
Start importing Assets/Prefabs/PickUp.prefab using Guid(6fc0b06db40303c4d9733adfef241162) Importer(815301076,1909f56bfc062723c751e8b465ee728b)  -> (artifact id: '984d5ebdd960fb79c6ccfd3fe5aa7c0e') in 0.014391 seconds
  Import took 0.020120 seconds .

========================================================================
Received Prepare
Registering precompiled user dll's ...
Registered in 0.001813 seconds.
Begin MonoManager ReloadAssembly
Native extension for WindowsStandalone target not found
Refreshing native plugins compatible for Editor in 0.51 ms, found 0 plugins.
Preloading 0 native plugins for Editor in 0.00 ms.
Invoked RoslynAnalysisRunner static constructor.
RoslynAnalysisRunner will not be running.
RoslynAnalysisRunner has terminated.
Mono: successfully reloaded assembly
- Completed reload, in  1.167 seconds
Platform modules already initialized, skipping
Shader 'Universal Render Pipeline/Particles/Lit': fallback shader 'Universal Render Pipeline/Particles/SimpleLit' not found
Shader 'Universal Render Pipeline/Particles/Lit': fallback shader 'Universal Render Pipeline/Particles/SimpleLit' not found
Refreshing native plugins compatible for Editor in 0.53 ms, found 0 plugins.
Preloading 0 native plugins for Editor in 0.00 ms.
Unloading 2632 Unused Serialized files (Serialized files now loaded: 0)
System memory in use before: 125.7 MB.
System memory in use after: 123.5 MB.

Unloading 40 unused Assets to reduce memory usage. Loaded Objects now: 3353.
Total: 5.516700 ms (FindLiveObjects: 0.606900 ms CreateObjectMapping: 0.296300 ms MarkObjects: 2.817800 ms  DeleteObjects: 1.793700 ms)

========================================================================
Received Import Request.
  Time since last request: 206.815577 seconds.
  path: Assets/Scripts/PlayerController.cs
  artifactKey: Guid(05fac114edc14154a9c7790e39b0eb3d) Importer(815301076,1909f56bfc062723c751e8b465ee728b)
Start importing Assets/Scripts/PlayerController.cs using Guid(05fac114edc14154a9c7790e39b0eb3d) Importer(815301076,1909f56bfc062723c751e8b465ee728b)  -> (artifact id: 'b1d11f631a424c9ce921223a78cea683') in 0.014520 seconds
  Import took 0.021147 seconds .

========================================================================
Received Prepare
Registering precompiled user dll's ...
Registered in 0.001718 seconds.
Begin MonoManager ReloadAssembly
Native extension for WindowsStandalone target not found
Refreshing native plugins compatible for Editor in 0.52 ms, found 0 plugins.
Preloading 0 native plugins for Editor in 0.00 ms.
Invoked RoslynAnalysisRunner static constructor.
RoslynAnalysisRunner will not be running.
RoslynAnalysisRunner has terminated.
Mono: successfully reloaded assembly
- Completed reload, in  1.220 seconds
Platform modules already initialized, skipping
Shader 'Universal Render Pipeline/Particles/Lit': fallback shader 'Universal Render Pipeline/Particles/SimpleLit' not found
Shader 'Universal Render Pipeline/Particles/Lit': fallback shader 'Universal Render Pipeline/Particles/SimpleLit' not found
Refreshing native plugins compatible for Editor in 0.55 ms, found 0 plugins.
Preloading 0 native plugins for Editor in 0.00 ms.
Unloading 2632 Unused Serialized files (Serialized files now loaded: 0)
System memory in use before: 125.7 MB.
System memory in use after: 123.5 MB.

Unloading 40 unused Assets to reduce memory usage. Loaded Objects now: 3355.
Total: 5.558300 ms (FindLiveObjects: 0.568300 ms CreateObjectMapping: 0.236400 ms MarkObjects: 2.940400 ms  DeleteObjects: 1.810600 ms)

========================================================================
Received Import Request.
  Time since last request: 236.923579 seconds.
  path: Assets/Scripts/PlayerController.cs
  artifactKey: Guid(05fac114edc14154a9c7790e39b0eb3d) Importer(815301076,1909f56bfc062723c751e8b465ee728b)
Start importing Assets/Scripts/PlayerController.cs using Guid(05fac114edc14154a9c7790e39b0eb3d) Importer(815301076,1909f56bfc062723c751e8b465ee728b)  -> (artifact id: '01bff7c7807e54330c757e3f78071e5e') in 0.019291 seconds
  Import took 0.025355 seconds .

========================================================================
Received Prepare
Registering precompiled user dll's ...
Registered in 0.001767 seconds.
Begin MonoManager ReloadAssembly
Native extension for WindowsStandalone target not found
Refreshing native plugins compatible for Editor in 0.52 ms, found 0 plugins.
Preloading 0 native plugins for Editor in 0.00 ms.
Invoked RoslynAnalysisRunner static constructor.
RoslynAnalysisRunner will not be running.
RoslynAnalysisRunner has terminated.
Mono: successfully reloaded assembly
- Completed reload, in  1.395 seconds
Platform modules already initialized, skipping
Shader 'Universal Render Pipeline/Particles/Lit': fallback shader 'Universal Render Pipeline/Particles/SimpleLit' not found
Shader 'Universal Render Pipeline/Particles/Lit': fallback shader 'Universal Render Pipeline/Particles/SimpleLit' not found
Refreshing native plugins compatible for Editor in 0.86 ms, found 0 plugins.
Preloading 0 native plugins for Editor in 0.00 ms.
Unloading 2645 Unused Serialized files (Serialized files now loaded: 0)
System memory in use before: 127.3 MB.
System memory in use after: 124.5 MB.

Unloading 53 unused Assets to reduce memory usage. Loaded Objects now: 3357.
Total: 8.199300 ms (FindLiveObjects: 0.626800 ms CreateObjectMapping: 0.247500 ms MarkObjects: 4.649800 ms  DeleteObjects: 2.672500 ms)

========================================================================
Received Prepare
Registering precompiled user dll's ...
Registered in 0.001730 seconds.
Begin MonoManager ReloadAssembly
Native extension for WindowsStandalone target not found
Refreshing native plugins compatible for Editor in 0.53 ms, found 0 plugins.
Preloading 0 native plugins for Editor in 0.00 ms.
Invoked RoslynAnalysisRunner static constructor.
RoslynAnalysisRunner will not be running.
RoslynAnalysisRunner has terminated.
Mono: successfully reloaded assembly
- Completed reload, in  1.170 seconds
Platform modules already initialized, skipping
Shader 'Universal Render Pipeline/Particles/Lit': fallback shader 'Universal Render Pipeline/Particles/SimpleLit' not found
Shader 'Universal Render Pipeline/Particles/Lit': fallback shader 'Universal Render Pipeline/Particles/SimpleLit' not found
Refreshing native plugins compatible for Editor in 0.61 ms, found 0 plugins.
Preloading 0 native plugins for Editor in 0.00 ms.
Unloading 2645 Unused Serialized files (Serialized files now loaded: 0)
System memory in use before: 127.4 MB.
System memory in use after: 124.6 MB.

Unloading 53 unused Assets to reduce memory usage. Loaded Objects now: 3359.
Total: 9.038100 ms (FindLiveObjects: 1.558300 ms CreateObjectMapping: 0.850800 ms MarkObjects: 4.338000 ms  DeleteObjects: 2.287800 ms)

AssetImportWorkerClient::OnTransportError - code=2 error=End of file
